  wskazniki.cpp
C:\Users\Programista\Desktop\JKiecok2CT\21.11.23\wskazniki\wskazniki\wskazniki.cpp(12,24): warning C4311: "typ rzutowania": obcięcie wskaźnika z "int *" do "int"
C:\Users\Programista\Desktop\JKiecok2CT\21.11.23\wskazniki\wskazniki\wskazniki.cpp(12,24): warning C4302: "typ rzutowania": obcięcie z "int *" do "int"
C:\Users\Programista\Desktop\JKiecok2CT\21.11.23\wskazniki\wskazniki\wskazniki.cpp(15,28): warning C4311: "typ rzutowania": obcięcie wskaźnika z "int *" do "int"
C:\Users\Programista\Desktop\JKiecok2CT\21.11.23\wskazniki\wskazniki\wskazniki.cpp(15,28): warning C4302: "typ rzutowania": obcięcie z "int *" do "int"
C:\Users\Programista\Desktop\JKiecok2CT\21.11.23\wskazniki\wskazniki\wskazniki.cpp(16,25): warning C4311: "typ rzutowania": obcięcie wskaźnika z "int **" do "int"
C:\Users\Programista\Desktop\JKiecok2CT\21.11.23\wskazniki\wskazniki\wskazniki.cpp(16,25): warning C4302: "typ rzutowania": obcięcie z "int **" do "int"
C:\Users\Programista\Desktop\JKiecok2CT\21.11.23\wskazniki\wskazniki\wskazniki.cpp(24,25): warning C4311: "typ rzutowania": obcięcie wskaźnika z "std::string *" do "int"
C:\Users\Programista\Desktop\JKiecok2CT\21.11.23\wskazniki\wskazniki\wskazniki.cpp(24,25): warning C4302: "typ rzutowania": obcięcie z "std::string *" do "int"
C:\Users\Programista\Desktop\JKiecok2CT\21.11.23\wskazniki\wskazniki\wskazniki.cpp(27,27): warning C4311: "typ rzutowania": obcięcie wskaźnika z "std::string *" do "int"
C:\Users\Programista\Desktop\JKiecok2CT\21.11.23\wskazniki\wskazniki\wskazniki.cpp(27,27): warning C4302: "typ rzutowania": obcięcie z "std::string *" do "int"
C:\Users\Programista\Desktop\JKiecok2CT\21.11.23\wskazniki\wskazniki\wskazniki.cpp(28,26): warning C4311: "typ rzutowania": obcięcie wskaźnika z "std::string **" do "int"
C:\Users\Programista\Desktop\JKiecok2CT\21.11.23\wskazniki\wskazniki\wskazniki.cpp(28,26): warning C4302: "typ rzutowania": obcięcie z "std::string **" do "int"
C:\Users\Programista\Desktop\JKiecok2CT\21.11.23\wskazniki\wskazniki\wskazniki.cpp(33,18): warning C4305: "inicjowanie": obcięcie z "double" do "float"
C:\Users\Programista\Desktop\JKiecok2CT\21.11.23\wskazniki\wskazniki\wskazniki.cpp(36,25): warning C4311: "typ rzutowania": obcięcie wskaźnika z "float *" do "int"
C:\Users\Programista\Desktop\JKiecok2CT\21.11.23\wskazniki\wskazniki\wskazniki.cpp(36,25): warning C4302: "typ rzutowania": obcięcie z "float *" do "int"
C:\Users\Programista\Desktop\JKiecok2CT\21.11.23\wskazniki\wskazniki\wskazniki.cpp(39,28): warning C4311: "typ rzutowania": obcięcie wskaźnika z "float *" do "int"
C:\Users\Programista\Desktop\JKiecok2CT\21.11.23\wskazniki\wskazniki\wskazniki.cpp(39,28): warning C4302: "typ rzutowania": obcięcie z "float *" do "int"
C:\Users\Programista\Desktop\JKiecok2CT\21.11.23\wskazniki\wskazniki\wskazniki.cpp(40,26): warning C4311: "typ rzutowania": obcięcie wskaźnika z "float **" do "int"
C:\Users\Programista\Desktop\JKiecok2CT\21.11.23\wskazniki\wskazniki\wskazniki.cpp(40,26): warning C4302: "typ rzutowania": obcięcie z "float **" do "int"
  wskazniki.vcxproj -> C:\Users\Programista\Desktop\JKiecok2CT\21.11.23\wskazniki\x64\Debug\wskazniki.exe
